<?xml version="1.0" encoding="UTF-8"?>
<!-- Generated by org.testng.reporters.JUnitReportReporter -->
<testsuite skipped="0" hostname="Dell" name="iam.getMerchantDetails.TC_01_getMerchantDetails" tests="1" failures="0" timestamp="26 Jun 2020 10:11:31 GMT" time="0.032" errors="0">
  <testcase name="TC__01_getMerchantdetails" time="0.032" classname="iam.getMerchantDetails.TC_01_getMerchantDetails"/>
</testsuite> <!-- iam.getMerchantDetails.TC_01_getMerchantDetails -->
