<?xml version="1.0" encoding="UTF-8"?>
<!-- Generated by org.testng.reporters.JUnitReportReporter -->
<testsuite skipped="0" hostname="Dell" name="iam.saveSecurityQuesForUser.TC_06_saveSecQues_for_duplicateUser" tests="1" failures="0" timestamp="23 Jul 2020 14:39:33 GMT" time="0.007" errors="0">
  <testcase name="TC__06_saveSecurityQues_for_duplicate_User" time="0.007" classname="iam.saveSecurityQuesForUser.TC_06_saveSecQues_for_duplicateUser"/>
</testsuite> <!-- iam.saveSecurityQuesForUser.TC_06_saveSecQues_for_duplicateUser -->
