<?xml version="1.0" encoding="UTF-8"?>
<!-- Generated by org.testng.reporters.JUnitReportReporter -->
<testsuite skipped="0" hostname="Dell" name="iam.createmerchant.TC_01_Create_Merchant_using_Mandatory_feilds" tests="1" failures="0" timestamp="26 Jun 2020 05:20:10 GMT" time="0.027" errors="0">
  <testcase name="TC__01_Create_Merchant_using_Mandatory_feilds" time="0.027" classname="iam.createmerchant.TC_01_Create_Merchant_using_Mandatory_feilds"/>
</testsuite> <!-- iam.createmerchant.TC_01_Create_Merchant_using_Mandatory_feilds -->
