<?xml version="1.0" encoding="UTF-8"?>
<!-- Generated by org.testng.reporters.JUnitReportReporter -->
<testsuite skipped="0" hostname="anbarasans" name="mobeixServer.userManagement_Update_User.TC_09_Update_userMobileNo_as_15_Char" tests="1" failures="0" timestamp="28 Apr 2020 06:58:35 GMT" time="0.005" errors="0">
  <testcase name="TC_09__Update_userMobileNo_as_15_Char" time="0.005" classname="mobeixServer.userManagement_Update_User.TC_09_Update_userMobileNo_as_15_Char"/>
</testsuite> <!-- mobeixServer.userManagement_Update_User.TC_09_Update_userMobileNo_as_15_Char -->
