<?xml version="1.0" encoding="UTF-8"?>
<!-- Generated by org.testng.reporters.JUnitReportReporter -->
<testsuite skipped="0" hostname="Dell" name="iam.registerPin.TC_01_Register_admin_Active_userpin" tests="1" failures="0" timestamp="02 Jul 2020 05:01:36 GMT" time="0.034" errors="0">
  <testcase name="TC__01_Register_Userpin_using_Mandatory_feilds" time="0.034" classname="iam.registerPin.TC_01_Register_admin_Active_userpin"/>
</testsuite> <!-- iam.registerPin.TC_01_Register_admin_Active_userpin -->
