<?xml version="1.0" encoding="UTF-8"?>
<!-- Generated by org.testng.reporters.JUnitReportReporter -->
<testsuite skipped="0" hostname="Dell" name="iam.saveSecurityQuestions.TC_05_save_duplicate_secQues" tests="1" failures="0" timestamp="23 Jul 2020 11:34:32 GMT" time="0.007" errors="0">
  <testcase name="TC__05_save_duplicate_secQues" time="0.007" classname="iam.saveSecurityQuestions.TC_05_save_duplicate_secQues"/>
</testsuite> <!-- iam.saveSecurityQuestions.TC_05_save_duplicate_secQues -->
