<?xml version="1.0" encoding="UTF-8"?>
<!-- Generated by org.testng.reporters.JUnitReportReporter -->
<testsuite skipped="0" hostname="Dell" name="iam.saveSecurityQuestions.TC_10_saveSecQues_with_11digit_version_number" tests="1" failures="0" timestamp="23 Jul 2020 11:34:32 GMT" time="0.009" errors="0">
  <testcase name="TC__10_saveSecQues_with_11digit_version_number" time="0.009" classname="iam.saveSecurityQuestions.TC_10_saveSecQues_with_11digit_version_number"/>
</testsuite> <!-- iam.saveSecurityQuestions.TC_10_saveSecQues_with_11digit_version_number -->
