<?xml version="1.0" encoding="UTF-8"?>
<!-- Generated by org.testng.reporters.JUnitReportReporter -->
<testsuite skipped="0" hostname="Dell" name="mobeixapi.testcases.TC_04_Delete_a_Merchant" tests="1" failures="0" timestamp="29 Apr 2020 08:05:57 GMT" time="0.008" errors="0">
  <testcase name="TC_04__Delete_a_Merchant" time="0.008" classname="mobeixapi.testcases.TC_04_Delete_a_Merchant"/>
</testsuite> <!-- mobeixapi.testcases.TC_04_Delete_a_Merchant -->
