<?xml version="1.0" encoding="UTF-8"?>
<!-- Generated by org.testng.reporters.JUnitReportReporter -->
<testsuite skipped="0" hostname="Dell" name="iam.saveSecurityQuestions.TC_09_saveSecQues_morethan_100chars_in_question" tests="1" failures="0" timestamp="23 Jul 2020 11:34:32 GMT" time="0.009" errors="0">
  <testcase name="TC__09_saveSecurityQues_morethan_100chars_in_question" time="0.009" classname="iam.saveSecurityQuestions.TC_09_saveSecQues_morethan_100chars_in_question"/>
</testsuite> <!-- iam.saveSecurityQuestions.TC_09_saveSecQues_morethan_100chars_in_question -->
