<?xml version="1.0" encoding="UTF-8"?>
<!-- Generated by org.testng.reporters.JUnitReportReporter -->
<testsuite skipped="0" hostname="anbarasans" name="mobeixapi.testcases.TC_02_Get_a_Merchant" tests="2" failures="0" timestamp="10 Apr 2020 21:39:22 GMT" time="0.021" errors="0">
  <testcase name="checkStatusCode" time="0.003" classname="mobeixapi.testcases.TC_02_Get_a_Merchant"/>
  <testcase name="checkResponseBody" time="0.018" classname="mobeixapi.testcases.TC_02_Get_a_Merchant"/>
</testsuite> <!-- mobeixapi.testcases.TC_02_Get_a_Merchant -->
