<?xml version="1.0" encoding="UTF-8"?>
<!-- Generated by org.testng.reporters.JUnitReportReporter -->
<testsuite skipped="0" hostname="anbarasans" name="mobeixapi.testcases.TC_01_Create_a_Merchand" tests="2" failures="0" timestamp="10 Apr 2020 21:03:37 GMT" time="0.016" errors="0">
  <testcase name="checkResponseBody" time="0.013" classname="mobeixapi.testcases.TC_01_Create_a_Merchand"/>
  <testcase name="checkStatusCode" time="0.003" classname="mobeixapi.testcases.TC_01_Create_a_Merchand"/>
</testsuite> <!-- mobeixapi.testcases.TC_01_Create_a_Merchand -->
