<?xml version="1.0" encoding="UTF-8"?>
<!-- Generated by org.testng.reporters.JUnitReportReporter -->
<testsuite skipped="0" hostname="anbarasans" name="mobeixapi.testcases.TC_03_Update_a_Merchand" tests="2" failures="0" timestamp="10 Apr 2020 21:09:45 GMT" time="0.015" errors="0">
  <testcase name="checkResponseBody" time="0.012" classname="mobeixapi.testcases.TC_03_Update_a_Merchand"/>
  <testcase name="checkStatusCode" time="0.003" classname="mobeixapi.testcases.TC_03_Update_a_Merchand"/>
</testsuite> <!-- mobeixapi.testcases.TC_03_Update_a_Merchand -->
