<?xml version="1.0" encoding="UTF-8"?>
<!-- Generated by org.testng.reporters.JUnitReportReporter -->
<testsuite skipped="0" hostname="Dell" name="iam.saveSecurityQuestions.TC_08_saveSecQues_int_type" tests="1" failures="0" timestamp="23 Jul 2020 11:34:32 GMT" time="0.004" errors="0">
  <testcase name="TC__08_saveSecurityQues_int_type" time="0.004" classname="iam.saveSecurityQuestions.TC_08_saveSecQues_int_type"/>
</testsuite> <!-- iam.saveSecurityQuestions.TC_08_saveSecQues_int_type -->
