<?xml version="1.0" encoding="UTF-8"?>
<!-- Generated by org.testng.reporters.JUnitReportReporter -->
<testsuite skipped="0" hostname="anbarasans" name="sample.GetMethodTest" tests="1" failures="0" timestamp="06 Apr 2020 12:12:59 GMT" time="0.878" errors="0">
  <testcase name="getMethod" time="0.878" classname="sample.GetMethodTest"/>
</testsuite> <!-- sample.GetMethodTest -->
