<?xml version="1.0" encoding="UTF-8"?>
<!-- Generated by org.testng.reporters.JUnitReportReporter -->
<testsuite skipped="0" hostname="Dell" name="iam.saveSecurityQuestions.TC_06_saveSecQues_with_morethen_50_chars_in_createdBy" tests="1" failures="0" timestamp="23 Jul 2020 11:34:32 GMT" time="0.011" errors="0">
  <testcase name="TC__06_saveSecurityQues_50_chars_in_createdBy_feild" time="0.011" classname="iam.saveSecurityQuestions.TC_06_saveSecQues_with_morethen_50_chars_in_createdBy"/>
</testsuite> <!-- iam.saveSecurityQuestions.TC_06_saveSecQues_with_morethen_50_chars_in_createdBy -->
