<?xml version="1.0" encoding="UTF-8"?>
<!-- Generated by org.testng.reporters.JUnitReportReporter -->
<testsuite skipped="0" hostname="anbarasans" name="mobeixServer.userManagement_Update_User.TC_06_Update_userMobileNo" tests="1" failures="0" timestamp="19 Apr 2020 19:13:07 GMT" time="0.011" errors="0">
  <testcase name="TC_02__Update_user_with_new_userName" time="0.011" classname="mobeixServer.userManagement_Update_User.TC_06_Update_userMobileNo"/>
</testsuite> <!-- mobeixServer.userManagement_Update_User.TC_06_Update_userMobileNo -->
