<?xml version="1.0" encoding="UTF-8"?>
<!-- Generated by org.testng.reporters.JUnitReportReporter -->
<testsuite skipped="0" hostname="Dell" name="iam.saveSecurityQuesForUser.TC_07_saveSecQues_for_uncreated_User" tests="1" failures="0" timestamp="23 Jul 2020 14:39:33 GMT" time="0.006" errors="0">
  <testcase name="TC__07_saveSecurityQues_for_uncreated_User" time="0.006" classname="iam.saveSecurityQuesForUser.TC_07_saveSecQues_for_uncreated_User"/>
</testsuite> <!-- iam.saveSecurityQuesForUser.TC_07_saveSecQues_for_uncreated_User -->
