<?xml version="1.0" encoding="UTF-8"?>
<!-- Generated by org.testng.reporters.JUnitReportReporter -->
<testsuite skipped="0" hostname="Dell" name="iam.saveSecurityQuestions.TC_04_Leave_createdBy_feild" tests="1" failures="0" timestamp="23 Jul 2020 11:34:32 GMT" time="0.013" errors="0">
  <testcase name="TC_04_leave_createdBy_feild" time="0.013" classname="iam.saveSecurityQuestions.TC_04_Leave_createdBy_feild"/>
</testsuite> <!-- iam.saveSecurityQuestions.TC_04_Leave_createdBy_feild -->
