<?xml version="1.0" encoding="UTF-8"?>
<!-- Generated by org.testng.reporters.JUnitReportReporter -->
<testsuite skipped="0" hostname="Dell" name="iam.saveSecurityQuesForUser.TC_08_saveSecQues_for_inactive_User" tests="1" failures="0" timestamp="23 Jul 2020 14:39:33 GMT" time="0.004" errors="0">
  <testcase name="TC__08_saveSecurityQues_for_inactive_User" time="0.004" classname="iam.saveSecurityQuesForUser.TC_08_saveSecQues_for_inactive_User"/>
</testsuite> <!-- iam.saveSecurityQuesForUser.TC_08_saveSecQues_for_inactive_User -->
