<?xml version="1.0" encoding="UTF-8"?>
<!-- Generated by org.testng.reporters.JUnitReportReporter -->
<testsuite skipped="0" hostname="Dell" name="iam.saveSecurityQuestions.TC_02_saveSecurityQues_mand_nonmand_feilds" tests="1" failures="0" timestamp="23 Jul 2020 11:34:32 GMT" time="0.004" errors="0">
  <testcase name="TC_02_saveSecurityQues_using_Mandatory_and_Nonmandatory_feilds" time="0.004" classname="iam.saveSecurityQuestions.TC_02_saveSecurityQues_mand_nonmand_feilds"/>
</testsuite> <!-- iam.saveSecurityQuestions.TC_02_saveSecurityQues_mand_nonmand_feilds -->
