<?xml version="1.0" encoding="UTF-8"?>
<!-- Generated by org.testng.reporters.JUnitReportReporter -->
<testsuite skipped="0" hostname="Dell" name="iam.getSecurityQuestionsList.TC_01_getSecurityQuesList" tests="1" failures="0" timestamp="27 Jul 2020 07:54:25 GMT" time="0.040" errors="0">
  <testcase name="TC__01_getSecurityQuestionsList" time="0.040" classname="iam.getSecurityQuestionsList.TC_01_getSecurityQuesList"/>
</testsuite> <!-- iam.getSecurityQuestionsList.TC_01_getSecurityQuesList -->
