<?xml version="1.0" encoding="UTF-8"?>
<!-- Generated by org.testng.reporters.JUnitReportReporter -->
<testsuite skipped="0" hostname="Dell" name="iam.registerPin.TC_06_RegisterMpin_non_created_user" tests="1" failures="0" timestamp="23 Jul 2020 04:00:27 GMT" time="0.016" errors="0">
  <testcase name="TC__06" time="0.016" classname="iam.registerPin.TC_06_RegisterMpin_non_created_user"/>
</testsuite> <!-- iam.registerPin.TC_06_RegisterMpin_non_created_user -->
