<?xml version="1.0" encoding="UTF-8"?>
<!-- Generated by org.testng.reporters.JUnitReportReporter -->
<testsuite skipped="0" hostname="Dell" name="iam.registerPin.TC_10_RegisterMpin_with_alphanumericValues" tests="1" failures="0" timestamp="02 Jul 2020 05:01:36 GMT" time="0.003" errors="0">
  <testcase name="TC__10" time="0.003" classname="iam.registerPin.TC_10_RegisterMpin_with_alphanumericValues"/>
</testsuite> <!-- iam.registerPin.TC_10_RegisterMpin_with_alphanumericValues -->
