<?xml version="1.0" encoding="UTF-8"?>
<!-- Generated by org.testng.reporters.JUnitReportReporter -->
<testsuite skipped="0" hostname="anbarasans" name="mobeixServer.userManagement.TC_02_Creat_user_with_non_mandatory_parameters" tests="1" failures="0" timestamp="18 Apr 2020 11:58:26 GMT" time="0.003" errors="0">
  <testcase name="TC_02_check_ResponseBody_For_Create_User" time="0.003" classname="mobeixServer.userManagement.TC_02_Creat_user_with_non_mandatory_parameters"/>
</testsuite> <!-- mobeixServer.userManagement.TC_02_Creat_user_with_non_mandatory_parameters -->
