<?xml version="1.0" encoding="UTF-8"?>
<!-- Generated by org.testng.reporters.JUnitReportReporter -->
<testsuite skipped="0" hostname="Dell" name="iam.saveSecurityQuesForUser.TC_02_saveSecQues_using_Mand_Nonmand_feilds" tests="1" failures="0" timestamp="23 Jul 2020 14:39:33 GMT" time="0.005" errors="0">
  <testcase name="TC__02_saveSecurityQues_using_Manda_NonMand_feilds" time="0.005" classname="iam.saveSecurityQuesForUser.TC_02_saveSecQues_using_Mand_Nonmand_feilds"/>
</testsuite> <!-- iam.saveSecurityQuesForUser.TC_02_saveSecQues_using_Mand_Nonmand_feilds -->
