<?xml version="1.0" encoding="UTF-8"?>
<!-- Generated by org.testng.reporters.JUnitReportReporter -->
<testsuite skipped="0" hostname="Dell" name="iam.saveSecurityQuesForUser.TC_09_saveSecQues_below_5" tests="1" failures="0" timestamp="23 Jul 2020 14:39:33 GMT" time="0.005" errors="0">
  <testcase name="TC__09_save_below_5_securityQues" time="0.005" classname="iam.saveSecurityQuesForUser.TC_09_saveSecQues_below_5"/>
</testsuite> <!-- iam.saveSecurityQuesForUser.TC_09_saveSecQues_below_5 -->
