<?xml version="1.0" encoding="UTF-8"?>
<!-- Generated by org.testng.reporters.JUnitReportReporter -->
<testsuite skipped="0" hostname="anbarasans" name="mobeixServer.userManagement.TC_6_Create_user_without_userType" tests="2" failures="0" timestamp="12 Apr 2020 16:50:35 GMT" time="0.015" errors="0">
  <testcase name="TC_01_check_ResponseBody_For_Create_Merchant" time="0.012" classname="mobeixServer.userManagement.TC_6_Create_user_without_userType"/>
  <testcase name="TC_01_check_StatusCode_For_Create_Merchant" time="0.003" classname="mobeixServer.userManagement.TC_6_Create_user_without_userType"/>
</testsuite> <!-- mobeixServer.userManagement.TC_6_Create_user_without_userType -->
