<?xml version="1.0" encoding="UTF-8"?>
<!-- Generated by org.testng.reporters.JUnitReportReporter -->
<testsuite skipped="0" hostname="anbarasans" name="sample.PostRequestTest" tests="1" failures="0" timestamp="06 Apr 2020 12:29:00 GMT" time="0.886" errors="0">
  <testcase name="postMethod" time="0.886" classname="sample.PostRequestTest"/>
</testsuite> <!-- sample.PostRequestTest -->
