<?xml version="1.0" encoding="UTF-8"?>
<!-- Generated by org.testng.reporters.JUnitReportReporter -->
<testsuite skipped="0" hostname="anbarasans" name="mobeixServer.userManagement_Update_User.TC_01_Update_user_with_Existing_userId" tests="1" failures="0" timestamp="28 Apr 2020 06:58:35 GMT" time="0.003" errors="0">
  <testcase name="TC_01__Update_user_with_Existing_userId" time="0.003" classname="mobeixServer.userManagement_Update_User.TC_01_Update_user_with_Existing_userId"/>
</testsuite> <!-- mobeixServer.userManagement_Update_User.TC_01_Update_user_with_Existing_userId -->
