<?xml version="1.0" encoding="UTF-8"?>
<!-- Generated by org.testng.reporters.JUnitReportReporter -->
<testsuite skipped="0" hostname="Dell" name="iam.registerPin.TC_03Register_pin_DeletedUser" tests="1" failures="0" timestamp="02 Jul 2020 05:01:36 GMT" time="0.007" errors="0">
  <testcase name="TC__03_Register_Userpin_DeletedUser" time="0.007" classname="iam.registerPin.TC_03Register_pin_DeletedUser"/>
</testsuite> <!-- iam.registerPin.TC_03Register_pin_DeletedUser -->
