<?xml version="1.0" encoding="UTF-8"?>
<!-- Generated by org.testng.reporters.JUnitReportReporter -->
<testsuite skipped="0" hostname="Dell" name="iam.saveSecurityQuestions.TC_03_Leave_anyone_mand_feild" tests="1" failures="0" timestamp="23 Jul 2020 11:34:32 GMT" time="0.036" errors="0">
  <testcase name="TC__03_saveSecurityQues_using_Mandatory_nonMand_feilds" time="0.036" classname="iam.saveSecurityQuestions.TC_03_Leave_anyone_mand_feild"/>
</testsuite> <!-- iam.saveSecurityQuestions.TC_03_Leave_anyone_mand_feild -->
