<?xml version="1.0" encoding="UTF-8"?>
<!-- Generated by org.testng.reporters.JUnitReportReporter -->
<testsuite skipped="0" hostname="Dell" name="iam.registerPin.TC_05_Leave_anyone_Mandatoryfeilds" tests="1" failures="0" timestamp="02 Jul 2020 05:01:36 GMT" time="0.006" errors="0">
  <testcase name="TC__05" time="0.006" classname="iam.registerPin.TC_05_Leave_anyone_Mandatoryfeilds"/>
</testsuite> <!-- iam.registerPin.TC_05_Leave_anyone_Mandatoryfeilds -->
