<?xml version="1.0" encoding="UTF-8"?>
<!-- Generated by org.testng.reporters.JUnitReportReporter -->
<testsuite skipped="0" hostname="Dell" name="iam.saveSecurityQuesForUser.TC_03_Leaving_securityKey_feild" tests="1" failures="0" timestamp="23 Jul 2020 14:39:33 GMT" time="0.035" errors="0">
  <testcase name="TC__03_saveSecurityQues_leaving_securityKey_feild" time="0.035" classname="iam.saveSecurityQuesForUser.TC_03_Leaving_securityKey_feild"/>
</testsuite> <!-- iam.saveSecurityQuesForUser.TC_03_Leaving_securityKey_feild -->
