<?xml version="1.0" encoding="UTF-8"?>
<!-- Generated by org.testng.reporters.JUnitReportReporter -->
<testsuite skipped="0" hostname="Dell" name="mobeixapi.testcases.TC_02_Get_all_Merchant" tests="1" failures="0" timestamp="29 Apr 2020 08:05:57 GMT" time="0.030" errors="0">
  <testcase name="TC_02__Get_all_Merchant" time="0.030" classname="mobeixapi.testcases.TC_02_Get_all_Merchant"/>
</testsuite> <!-- mobeixapi.testcases.TC_02_Get_all_Merchant -->
