<?xml version="1.0" encoding="UTF-8"?>
<!-- Generated by org.testng.reporters.JUnitReportReporter -->
<testsuite skipped="0" hostname="anbarasans" name="mobeixServer.userManagement.TC_1_Create_user_with_mandatory_parameters" tests="2" failures="0" timestamp="12 Apr 2020 15:21:01 GMT" time="0.015" errors="0">
  <testcase name="TC_01_check_StatusCode_For_Create_Merchant" time="0.001" classname="mobeixServer.userManagement.TC_1_Create_user_with_mandatory_parameters"/>
  <testcase name="TC_01_check_ResponseBody_For_Create_Merchant" time="0.014" classname="mobeixServer.userManagement.TC_1_Create_user_with_mandatory_parameters"/>
</testsuite> <!-- mobeixServer.userManagement.TC_1_Create_user_with_mandatory_parameters -->
