<?xml version="1.0" encoding="UTF-8"?>
<!-- Generated by org.testng.reporters.JUnitReportReporter -->
<testsuite skipped="0" hostname="anbarasans" name="mobeixServer.userManagement_Update_User.TC_01_Update_Existing_userId" tests="1" failures="0" timestamp="19 Apr 2020 18:04:58 GMT" time="0.006" errors="0">
  <testcase name="TC_01_Update_user_with_mandatory_parameter" time="0.006" classname="mobeixServer.userManagement_Update_User.TC_01_Update_Existing_userId"/>
</testsuite> <!-- mobeixServer.userManagement_Update_User.TC_01_Update_Existing_userId -->
