<?xml version="1.0" encoding="UTF-8"?>
<!-- Generated by org.testng.reporters.JUnitReportReporter -->
<testsuite skipped="0" hostname="anbarasans" name="mobeixServer.userManagement.TC_5_Create_user_without_userName" tests="2" failures="0" timestamp="12 Apr 2020 16:49:06 GMT" time="0.017" errors="0">
  <testcase name="TC_01_check_ResponseBody_For_Create_Merchant" time="0.015" classname="mobeixServer.userManagement.TC_5_Create_user_without_userName"/>
  <testcase name="TC_01_check_StatusCode_For_Create_Merchant" time="0.002" classname="mobeixServer.userManagement.TC_5_Create_user_without_userName"/>
</testsuite> <!-- mobeixServer.userManagement.TC_5_Create_user_without_userName -->
