<?xml version="1.0" encoding="UTF-8"?>
<!-- Generated by org.testng.reporters.JUnitReportReporter -->
<testsuite skipped="0" hostname="anbarasans" name="mobeixServer.userManagement.TC_01" tests="2" failures="0" timestamp="12 Apr 2020 13:46:36 GMT" time="0.018" errors="0">
  <testcase name="TC_01_check_ResponseBody_For_Create_Merchant" time="0.015" classname="mobeixServer.userManagement.TC_01"/>
  <testcase name="TC_01_check_StatusCode_For_Create_Merchant" time="0.003" classname="mobeixServer.userManagement.TC_01"/>
</testsuite> <!-- mobeixServer.userManagement.TC_01 -->
