<?xml version="1.0" encoding="UTF-8"?>
<!-- Generated by org.testng.reporters.JUnitReportReporter -->
<testsuite skipped="0" hostname="Dell" name="iam.registerPin.TC_07_Pin_lessthan4_digits" tests="1" failures="0" timestamp="02 Jul 2020 05:01:36 GMT" time="0.007" errors="0">
  <testcase name="TC__07" time="0.007" classname="iam.registerPin.TC_07_Pin_lessthan4_digits"/>
</testsuite> <!-- iam.registerPin.TC_07_Pin_lessthan4_digits -->
