<?xml version="1.0" encoding="UTF-8"?>
<!-- Generated by org.testng.reporters.JUnitReportReporter -->
<testsuite skipped="0" hostname="Dell" name="iam.registerPin.TC_02_Register_pin_InactiveUser" tests="1" failures="0" timestamp="02 Jul 2020 05:01:36 GMT" time="0.009" errors="0">
  <testcase name="TC__02_Register_Userpin_InactiveUser" time="0.009" classname="iam.registerPin.TC_02_Register_pin_InactiveUser"/>
</testsuite> <!-- iam.registerPin.TC_02_Register_pin_InactiveUser -->
