<?xml version="1.0" encoding="UTF-8"?>
<!-- Generated by org.testng.reporters.JUnitReportReporter -->
<testsuite skipped="0" hostname="anbarasans" name="mobeixServer.userManagement.TC_09_Create_user_with_maximum_50_character_in_groupID" tests="1" failures="0" timestamp="18 Apr 2020 11:58:26 GMT" time="0.001" errors="0">
  <testcase name="TC_09_check_ResponseBody_For_Create_User" time="0.001" classname="mobeixServer.userManagement.TC_09_Create_user_with_maximum_50_character_in_groupID"/>
</testsuite> <!-- mobeixServer.userManagement.TC_09_Create_user_with_maximum_50_character_in_groupID -->
