<?xml version="1.0" encoding="UTF-8"?>
<!-- Generated by org.testng.reporters.JUnitReportReporter -->
<testsuite skipped="0" hostname="Dell" name="iam.registerPin.TC_08_Pin_length_greater_than4" tests="1" failures="0" timestamp="02 Jul 2020 05:01:36 GMT" time="0.006" errors="0">
  <testcase name="TC__08" time="0.006" classname="iam.registerPin.TC_08_Pin_length_greater_than4"/>
</testsuite> <!-- iam.registerPin.TC_08_Pin_length_greater_than4 -->
