<?xml version="1.0" encoding="UTF-8"?>
<!-- Generated by org.testng.reporters.JUnitReportReporter -->
<testsuite skipped="0" hostname="anbarasans" name="mobeixServer.userManagement_Update_User.TC_02_Update_user_with_new_userName" tests="1" failures="0" timestamp="28 Apr 2020 06:58:35 GMT" time="0.003" errors="0">
  <testcase name="TC_02__Update_user_with_new_userName" time="0.003" classname="mobeixServer.userManagement_Update_User.TC_02_Update_user_with_new_userName"/>
</testsuite> <!-- mobeixServer.userManagement_Update_User.TC_02_Update_user_with_new_userName -->
