<?xml version="1.0" encoding="UTF-8"?>
<!-- Generated by org.testng.reporters.JUnitReportReporter -->
<testsuite skipped="0" hostname="Dell" name="iam.saveSecurityQuesForUser.TC_01_saveSecQues_using_Mandatory_feilds" tests="1" failures="0" timestamp="23 Jul 2020 14:39:33 GMT" time="0.019" errors="0">
  <testcase name="TC__01_saveSecurityQues_using_Mandatory_feilds" time="0.019" classname="iam.saveSecurityQuesForUser.TC_01_saveSecQues_using_Mandatory_feilds"/>
</testsuite> <!-- iam.saveSecurityQuesForUser.TC_01_saveSecQues_using_Mandatory_feilds -->
