<?xml version="1.0" encoding="UTF-8"?>
<!-- Generated by org.testng.reporters.JUnitReportReporter -->
<testsuite skipped="0" hostname="Dell" name="iam.createmerchant.TC_02_Create_Merchant_using_MandatoryAndMandatory_feilds" tests="1" failures="0" timestamp="22 Jul 2020 10:37:31 GMT" time="0.018" errors="0">
  <testcase name="TC_02_Create_Merchant_using_MandatoryAndMandatory_feilds" time="0.018" classname="iam.createmerchant.TC_02_Create_Merchant_using_MandatoryAndMandatory_feilds"/>
</testsuite> <!-- iam.createmerchant.TC_02_Create_Merchant_using_MandatoryAndMandatory_feilds -->
