<?xml version="1.0" encoding="UTF-8"?>
<!-- Generated by org.testng.reporters.JUnitReportReporter -->
<testsuite skipped="0" hostname="Dell" name="iam.saveSecurityQuesForUser.TC_05_Leaving_createdBy_feild" tests="1" failures="0" timestamp="23 Jul 2020 14:39:33 GMT" time="0.008" errors="0">
  <testcase name="TC__05_saveSecurityAns_leaving_createdBy_feild" time="0.008" classname="iam.saveSecurityQuesForUser.TC_05_Leaving_createdBy_feild"/>
</testsuite> <!-- iam.saveSecurityQuesForUser.TC_05_Leaving_createdBy_feild -->
