<?xml version="1.0" encoding="UTF-8"?>
<!-- Generated by org.testng.reporters.JUnitReportReporter -->
<testsuite skipped="0" hostname="anbarasans" name="mobeixServer.userManagement_Update_User.TC_07_Update_userMobileNo_as_AlphaNumeric" tests="1" failures="0" timestamp="28 Apr 2020 06:58:35 GMT" time="0.002" errors="0">
  <testcase name="TC_07__Update_userMobileNo_as_AlphaNumeric" time="0.002" classname="mobeixServer.userManagement_Update_User.TC_07_Update_userMobileNo_as_AlphaNumeric"/>
</testsuite> <!-- mobeixServer.userManagement_Update_User.TC_07_Update_userMobileNo_as_AlphaNumeric -->
